May 21, 2015 7:39:40 PM org.apache.coyote.AbstractProtocol init
INFO: Initializing ProtocolHandler ["http-bio-9080"]
May 21, 2015 7:39:41 PM org.apache.catalina.startup.Catalina load
INFO: Initialization processed in 863 ms
May 21, 2015 7:39:41 PM org.apache.catalina.core.StandardService startInternal
INFO: Starting service Catalina
May 21, 2015 7:39:41 PM org.apache.catalina.core.StandardEngine startInternal
INFO: Starting Servlet Engine: Apache Tomcat/7.0.25
May 21, 2015 7:39:41 PM org.apache.catalina.startup.HostConfig deployDirectory
INFO: Deploying web application directory C:\Users\Vincent\Documents\Node\Apps\webapp\eid\env\tomcat\webapps\docs
May 21, 2015 7:39:41 PM org.apache.catalina.startup.HostConfig deployDirectory
INFO: Deploying web application directory C:\Users\Vincent\Documents\Node\Apps\webapp\eid\env\tomcat\webapps\examples
May 21, 2015 7:39:41 PM org.apache.catalina.core.ApplicationContext log
INFO: ContextListener: contextInitialized()
May 21, 2015 7:39:41 PM org.apache.catalina.core.ApplicationContext log
INFO: SessionListener: contextInitialized()
May 21, 2015 7:39:41 PM org.apache.catalina.core.ApplicationContext log
INFO: ContextListener: attributeAdded('org.apache.jasper.compiler.TldLocationsCache', 'org.apache.jasper.compiler.TldLocationsCache@a73f4b')
May 21, 2015 7:39:41 PM org.apache.catalina.startup.HostConfig deployDirectory
INFO: Deploying web application directory C:\Users\Vincent\Documents\Node\Apps\webapp\eid\env\tomcat\webapps\host-manager
May 21, 2015 7:39:41 PM org.apache.catalina.startup.HostConfig deployDirectory
INFO: Deploying web application directory C:\Users\Vincent\Documents\Node\Apps\webapp\eid\env\tomcat\webapps\manager
May 21, 2015 7:39:41 PM org.apache.coyote.AbstractProtocol start
INFO: Starting ProtocolHandler ["http-bio-9080"]
May 21, 2015 7:39:41 PM org.apache.catalina.startup.Catalina start
INFO: Server startup in 575 ms
